<?xml version="1.0" encoding="UTF-8"?>
<!-- Generated by org.testng.reporters.JUnitXMLReporter -->
<testsuite hostname="C02MH06RFD56.local" name="ShippingAddressVerification" tests="15" failures="15" timestamp="15 Jul 2015 17:57:44 GMT" time="7.053" errors="0">
  <testcase name="ShippingAddressResponseTagsVerification" time="1.691" classname="API.ShippingAddressVerification">
    <failure type="com.jayway.restassured.path.json.exception.JsonPathException" message="Failed to parse the JSON document">
      <![CDATA[com.jayway.restassured.path.json.exception.JsonPathException: Failed to parse the JSON document
	at com.jayway.restassured.path.json.JsonPath$ExceptionCatcher.invoke(JsonPath.java:915)
	at com.jayway.restassured.path.json.JsonPath$4.doParseWith(JsonPath.java:880)
	at com.jayway.restassured.path.json.JsonPath$JsonParser.parseWith(JsonPath.java:959)
	at com.jayway.restassured.path.json.JsonPath.get(JsonPath.java:201)
	at com.fanatics.seed.RestAssured.PostRequestUsingJson(RestAssured.java:272)
	at API.ShippingAddressVerification.ShippingAddressResponseTagsVerification(ShippingAddressVerification.java:133)
	at java.util.concurrent.FutureTask.run(FutureTask.java:266)
	at java.util.concurrent.ThreadPoolExecutor.runWorker(ThreadPoolExecutor.java:1142)
	at java.util.concurrent.ThreadPoolExecutor$Worker.run(ThreadPoolExecutor.java:617)
	at java.lang.Thread.run(Thread.java:745)
Caused by: groovy.json.JsonException: Lexing failed on line: 1, column: 1, while reading '<', no possible valid JSON value or punctuation could be recognized.
	at groovy.json.JsonLexer.nextToken(JsonLexer.java:82)
	at groovy.json.JsonLexer$nextToken.call(Unknown Source)
	at org.codehaus.groovy.runtime.callsite.CallSiteArray.defaultCall(CallSiteArray.java:45)
	at org.codehaus.groovy.runtime.callsite.AbstractCallSite.call(AbstractCallSite.java:110)
	at org.codehaus.groovy.runtime.callsite.AbstractCallSite.call(AbstractCallSite.java:114)
	at com.jayway.restassured.internal.path.json.ConfigurableJsonSlurper.parse(ConfigurableJsonSlurper.groovy:99)
	at com.jayway.restassured.internal.path.json.ConfigurableJsonSlurper$parse.callCurrent(Unknown Source)
	at org.codehaus.groovy.runtime.callsite.CallSiteArray.defaultCallCurrent(CallSiteArray.java:49)
	at org.codehaus.groovy.runtime.callsite.AbstractCallSite.callCurrent(AbstractCallSite.java:151)
	at org.codehaus.groovy.runtime.callsite.AbstractCallSite.callCurrent(AbstractCallSite.java:163)
	at com.jayway.restassured.internal.path.json.ConfigurableJsonSlurper.parseText(ConfigurableJsonSlurper.groovy:85)
	at com.jayway.restassured.path.json.JsonPath$4$1.method(JsonPath.java:878)
	at com.jayway.restassured.path.json.JsonPath$ExceptionCatcher.invoke(JsonPath.java:913)
	... 25 more
... Removed 16 stack frames]]>
    </failure>
  </testcase> <!-- ShippingAddressResponseTagsVerification -->
  <testcase name="ShippingAddressResponseTagsVerification" time="0.405" classname="API.ShippingAddressVerification">
    <failure type="com.jayway.restassured.path.json.exception.JsonPathException" message="Failed to parse the JSON document">
      <![CDATA[com.jayway.restassured.path.json.exception.JsonPathException: Failed to parse the JSON document
	at com.jayway.restassured.path.json.JsonPath$ExceptionCatcher.invoke(JsonPath.java:915)
	at com.jayway.restassured.path.json.JsonPath$4.doParseWith(JsonPath.java:880)
	at com.jayway.restassured.path.json.JsonPath$JsonParser.parseWith(JsonPath.java:959)
	at com.jayway.restassured.path.json.JsonPath.get(JsonPath.java:201)
	at com.fanatics.seed.RestAssured.PostRequestUsingJson(RestAssured.java:272)
	at API.ShippingAddressVerification.ShippingAddressResponseTagsVerification(ShippingAddressVerification.java:133)
	at java.util.concurrent.FutureTask.run(FutureTask.java:266)
	at java.util.concurrent.ThreadPoolExecutor.runWorker(ThreadPoolExecutor.java:1142)
	at java.util.concurrent.ThreadPoolExecutor$Worker.run(ThreadPoolExecutor.java:617)
	at java.lang.Thread.run(Thread.java:745)
Caused by: groovy.json.JsonException: Lexing failed on line: 1, column: 1, while reading '<', no possible valid JSON value or punctuation could be recognized.
	at groovy.json.JsonLexer.nextToken(JsonLexer.java:82)
	at groovy.json.JsonLexer$nextToken.call(Unknown Source)
	at com.jayway.restassured.internal.path.json.ConfigurableJsonSlurper.parse(ConfigurableJsonSlurper.groovy:99)
	at com.jayway.restassured.internal.path.json.ConfigurableJsonSlurper$parse.callCurrent(Unknown Source)
	at com.jayway.restassured.internal.path.json.ConfigurableJsonSlurper.parseText(ConfigurableJsonSlurper.groovy:85)
	at com.jayway.restassured.path.json.JsonPath$4$1.method(JsonPath.java:878)
	at com.jayway.restassured.path.json.JsonPath$ExceptionCatcher.invoke(JsonPath.java:913)
	... 25 more
... Removed 16 stack frames]]>
    </failure>
  </testcase> <!-- ShippingAddressResponseTagsVerification -->
  <testcase name="ShippingAddressResponseTagsVerification" time="0.398" classname="API.ShippingAddressVerification">
    <failure type="com.jayway.restassured.path.json.exception.JsonPathException" message="Failed to parse the JSON document">
      <![CDATA[com.jayway.restassured.path.json.exception.JsonPathException: Failed to parse the JSON document
	at com.jayway.restassured.path.json.JsonPath$ExceptionCatcher.invoke(JsonPath.java:915)
	at com.jayway.restassured.path.json.JsonPath$4.doParseWith(JsonPath.java:880)
	at com.jayway.restassured.path.json.JsonPath$JsonParser.parseWith(JsonPath.java:959)
	at com.jayway.restassured.path.json.JsonPath.get(JsonPath.java:201)
	at com.fanatics.seed.RestAssured.PostRequestUsingJson(RestAssured.java:272)
	at API.ShippingAddressVerification.ShippingAddressResponseTagsVerification(ShippingAddressVerification.java:133)
	at java.util.concurrent.FutureTask.run(FutureTask.java:266)
	at java.util.concurrent.ThreadPoolExecutor.runWorker(ThreadPoolExecutor.java:1142)
	at java.util.concurrent.ThreadPoolExecutor$Worker.run(ThreadPoolExecutor.java:617)
	at java.lang.Thread.run(Thread.java:745)
Caused by: groovy.json.JsonException: Lexing failed on line: 1, column: 1, while reading '<', no possible valid JSON value or punctuation could be recognized.
	at groovy.json.JsonLexer.nextToken(JsonLexer.java:82)
	at groovy.json.JsonLexer$nextToken.call(Unknown Source)
	at com.jayway.restassured.internal.path.json.ConfigurableJsonSlurper.parse(ConfigurableJsonSlurper.groovy:99)
	at com.jayway.restassured.internal.path.json.ConfigurableJsonSlurper$parse.callCurrent(Unknown Source)
	at com.jayway.restassured.internal.path.json.ConfigurableJsonSlurper.parseText(ConfigurableJsonSlurper.groovy:85)
	at com.jayway.restassured.path.json.JsonPath$4$1.method(JsonPath.java:878)
	at com.jayway.restassured.path.json.JsonPath$ExceptionCatcher.invoke(JsonPath.java:913)
	... 25 more
... Removed 16 stack frames]]>
    </failure>
  </testcase> <!-- ShippingAddressResponseTagsVerification -->
  <testcase name="ShippingAddressResponseTagsVerification" time="0.516" classname="API.ShippingAddressVerification">
    <failure type="com.jayway.restassured.path.json.exception.JsonPathException" message="Failed to parse the JSON document">
      <![CDATA[com.jayway.restassured.path.json.exception.JsonPathException: Failed to parse the JSON document
	at com.jayway.restassured.path.json.JsonPath$ExceptionCatcher.invoke(JsonPath.java:915)
	at com.jayway.restassured.path.json.JsonPath$4.doParseWith(JsonPath.java:880)
	at com.jayway.restassured.path.json.JsonPath$JsonParser.parseWith(JsonPath.java:959)
	at com.jayway.restassured.path.json.JsonPath.get(JsonPath.java:201)
	at com.fanatics.seed.RestAssured.PostRequestUsingJson(RestAssured.java:272)
	at API.ShippingAddressVerification.ShippingAddressResponseTagsVerification(ShippingAddressVerification.java:133)
	at java.util.concurrent.FutureTask.run(FutureTask.java:266)
	at java.util.concurrent.ThreadPoolExecutor.runWorker(ThreadPoolExecutor.java:1142)
	at java.util.concurrent.ThreadPoolExecutor$Worker.run(ThreadPoolExecutor.java:617)
	at java.lang.Thread.run(Thread.java:745)
Caused by: groovy.json.JsonException: Lexing failed on line: 1, column: 1, while reading '<', no possible valid JSON value or punctuation could be recognized.
	at groovy.json.JsonLexer.nextToken(JsonLexer.java:82)
	at groovy.json.JsonLexer$nextToken.call(Unknown Source)
	at com.jayway.restassured.internal.path.json.ConfigurableJsonSlurper.parse(ConfigurableJsonSlurper.groovy:99)
	at com.jayway.restassured.internal.path.json.ConfigurableJsonSlurper$parse.callCurrent(Unknown Source)
	at com.jayway.restassured.internal.path.json.ConfigurableJsonSlurper.parseText(ConfigurableJsonSlurper.groovy:85)
	at com.jayway.restassured.path.json.JsonPath$4$1.method(JsonPath.java:878)
	at com.jayway.restassured.path.json.JsonPath$ExceptionCatcher.invoke(JsonPath.java:913)
	... 25 more
... Removed 16 stack frames]]>
    </failure>
  </testcase> <!-- ShippingAddressResponseTagsVerification -->
  <testcase name="ShippingAddressResponseTagsVerification" time="0.371" classname="API.ShippingAddressVerification">
    <failure type="com.jayway.restassured.path.json.exception.JsonPathException" message="Failed to parse the JSON document">
      <![CDATA[com.jayway.restassured.path.json.exception.JsonPathException: Failed to parse the JSON document
	at com.jayway.restassured.path.json.JsonPath$ExceptionCatcher.invoke(JsonPath.java:915)
	at com.jayway.restassured.path.json.JsonPath$4.doParseWith(JsonPath.java:880)
	at com.jayway.restassured.path.json.JsonPath$JsonParser.parseWith(JsonPath.java:959)
	at com.jayway.restassured.path.json.JsonPath.get(JsonPath.java:201)
	at com.fanatics.seed.RestAssured.PostRequestUsingJson(RestAssured.java:272)
	at API.ShippingAddressVerification.ShippingAddressResponseTagsVerification(ShippingAddressVerification.java:133)
	at java.util.concurrent.FutureTask.run(FutureTask.java:266)
	at java.util.concurrent.ThreadPoolExecutor.runWorker(ThreadPoolExecutor.java:1142)
	at java.util.concurrent.ThreadPoolExecutor$Worker.run(ThreadPoolExecutor.java:617)
	at java.lang.Thread.run(Thread.java:745)
Caused by: groovy.json.JsonException: Lexing failed on line: 1, column: 1, while reading '<', no possible valid JSON value or punctuation could be recognized.
	at groovy.json.JsonLexer.nextToken(JsonLexer.java:82)
	at groovy.json.JsonLexer$nextToken.call(Unknown Source)
	at com.jayway.restassured.internal.path.json.ConfigurableJsonSlurper.parse(ConfigurableJsonSlurper.groovy:99)
	at com.jayway.restassured.internal.path.json.ConfigurableJsonSlurper$parse.callCurrent(Unknown Source)
	at com.jayway.restassured.internal.path.json.ConfigurableJsonSlurper.parseText(ConfigurableJsonSlurper.groovy:85)
	at com.jayway.restassured.path.json.JsonPath$4$1.method(JsonPath.java:878)
	at com.jayway.restassured.path.json.JsonPath$ExceptionCatcher.invoke(JsonPath.java:913)
	... 25 more
... Removed 16 stack frames]]>
    </failure>
  </testcase> <!-- ShippingAddressResponseTagsVerification -->
  <testcase name="testShippingAddressVerification" time="0.381" classname="API.ShippingAddressVerification">
    <failure type="java.lang.AssertionError" message="expected [{&amp;quot;Success&amp;quot;:true,&amp;quot;ResponseAddresses&amp;quot;:[{&amp;quot;AddressReferenceId&amp;quot;:&amp;quot;141414&amp;quot;,&amp;quot;StreetAddress&amp;quot;:[&amp;quot;1330 VALLEY LAKE DR&amp;quot;,&amp;quot;APT 107&amp;quot;],&amp;quot;City&amp;quot;:&amp;quot;SCHAUMBURG&amp;quot;,&amp;quot;StateOrProvinceCode&amp;quot;:&amp;quot;IL&amp;quot;,&amp;quot;PostalCode&amp;quot;:&amp;quot;60195-3624&amp;quot;,&amp;quot;CountryCode&amp;quot;:&amp;quot;US&amp;quot;,&amp;quot;CountryName&amp;quot;:null}],&amp;quot;ErrorMessage&amp;quot;:null}] but found [&amp;lt;!DOCTYPE html PUBLIC &amp;quot;-//W3C//DTD XHTML 1.0 Strict//EN&amp;quot; &amp;quot;http://www.w3.org/TR/xhtml1/DTD/xhtml1-strict.dtd&amp;quot;&amp;gt;
&amp;lt;html xmlns=&amp;quot;http://www.w3.org/1999/xhtml&amp;quot;&amp;gt;
&amp;lt;head&amp;gt;
&amp;lt;title&amp;gt;500 - Internal server error.&amp;lt;/title&amp;gt;
&amp;lt;style type=&amp;quot;text/css&amp;quot;&amp;gt;
&amp;lt;!--
body{margin:0;font-size:.7em;font-family:Verdana, Arial, Helvetica, sans-serif;background:#EEEEEE;}
fieldset{padding:0 15px 10px 15px;} 
h1{font-size:2.4em;margin:0;color:#FFF;}
h2{font-size:1.7em;margin:0;color:#CC0000;} 
h3{font-size:1.2em;margin:10px 0 0 0;color:#000000;} 
#header{width:96%;margin:0 0 0 0;padding:6px 2% 6px 2%;font-family:&amp;quot;trebuchet MS&amp;quot;, Verdana, sans-serif;color:#FFF;
background-color:#555555;}
#content{margin:0 0 0 2%;position:relative;}
.content-container{background:#FFF;width:96%;margin-top:8px;padding:10px;position:relative;}
--&amp;gt;
&amp;lt;/style&amp;gt;
&amp;lt;/head&amp;gt;
&amp;lt;body&amp;gt;
&amp;lt;div id=&amp;quot;header&amp;quot;&amp;gt;&amp;lt;h1&amp;gt;Server Error&amp;lt;/h1&amp;gt;&amp;lt;/div&amp;gt;
&amp;lt;div id=&amp;quot;content&amp;quot;&amp;gt;
 &amp;lt;div class=&amp;quot;content-container&amp;quot;&amp;gt;&amp;lt;fieldset&amp;gt;
  &amp;lt;h2&amp;gt;500 - Internal server error.&amp;lt;/h2&amp;gt;
  &amp;lt;h3&amp;gt;There is a problem with the resource you are looking for, and it cannot be displayed.&amp;lt;/h3&amp;gt;
 &amp;lt;/fieldset&amp;gt;&amp;lt;/div&amp;gt;
&amp;lt;/div&amp;gt;
&amp;lt;/body&amp;gt;
&amp;lt;/html&amp;gt;
]">
      <![CDATA[java.lang.AssertionError: expected [{"Success":true,"ResponseAddresses":[{"AddressReferenceId":"141414","StreetAddress":["1330 VALLEY LAKE DR","APT 107"],"City":"SCHAUMBURG","StateOrProvinceCode":"IL","PostalCode":"60195-3624","CountryCode":"US","CountryName":null}],"ErrorMessage":null}] but found [<!DOCTYPE html PUBLIC "-//W3C//DTD XHTML 1.0 Strict//EN" "http://www.w3.org/TR/xhtml1/DTD/xhtml1-strict.dtd">
<html xmlns="http://www.w3.org/1999/xhtml">
<head>
<title>500 - Internal server error.</title>
<style type="text/css">
<!--
body{margin:0;font-size:.7em;font-family:Verdana, Arial, Helvetica, sans-serif;background:#EEEEEE;}
fieldset{padding:0 15px 10px 15px;} 
h1{font-size:2.4em;margin:0;color:#FFF;}
h2{font-size:1.7em;margin:0;color:#CC0000;} 
h3{font-size:1.2em;margin:10px 0 0 0;color:#000000;} 
#header{width:96%;margin:0 0 0 0;padding:6px 2% 6px 2%;font-family:"trebuchet MS", Verdana, sans-serif;color:#FFF;
background-color:#555555;}
#content{margin:0 0 0 2%;position:relative;}
.content-container{background:#FFF;width:96%;margin-top:8px;padding:10px;position:relative;}
-->
</style>
</head>
<body>
<div id="header"><h1>Server Error</h1></div>
<div id="content">
 <div class="content-container"><fieldset>
  <h2>500 - Internal server error.</h2>
  <h3>There is a problem with the resource you are looking for, and it cannot be displayed.</h3>
 </fieldset></div>
</div>
</body>
</html>
]
	at API.ShippingAddressVerification.testShippingAddressVerification(ShippingAddressVerification.java:86)
	at java.util.concurrent.FutureTask.run(FutureTask.java:266)
	at java.util.concurrent.ThreadPoolExecutor.runWorker(ThreadPoolExecutor.java:1142)
	at java.util.concurrent.ThreadPoolExecutor$Worker.run(ThreadPoolExecutor.java:617)
	at java.lang.Thread.run(Thread.java:745)
... Removed 21 stack frames]]>
    </failure>
  </testcase> <!-- testShippingAddressVerification -->
  <testcase name="testShippingAddressVerification" time="0.368" classname="API.ShippingAddressVerification">
    <failure type="java.lang.AssertionError" message="expected [{&amp;quot;Success&amp;quot;:true,&amp;quot;ResponseAddresses&amp;quot;:[{&amp;quot;AddressReferenceId&amp;quot;:&amp;quot;141414&amp;quot;,&amp;quot;StreetAddress&amp;quot;:[&amp;quot;1330 VALLEY LAKE DR&amp;quot;],&amp;quot;City&amp;quot;:&amp;quot;SCHAUMBURG&amp;quot;,&amp;quot;StateOrProvinceCode&amp;quot;:&amp;quot;IL&amp;quot;,&amp;quot;PostalCode&amp;quot;:&amp;quot;60195-3639&amp;quot;,&amp;quot;CountryCode&amp;quot;:&amp;quot;US&amp;quot;,&amp;quot;CountryName&amp;quot;:null}],&amp;quot;ErrorMessage&amp;quot;:null}] but found [&amp;lt;!DOCTYPE html PUBLIC &amp;quot;-//W3C//DTD XHTML 1.0 Strict//EN&amp;quot; &amp;quot;http://www.w3.org/TR/xhtml1/DTD/xhtml1-strict.dtd&amp;quot;&amp;gt;
&amp;lt;html xmlns=&amp;quot;http://www.w3.org/1999/xhtml&amp;quot;&amp;gt;
&amp;lt;head&amp;gt;
&amp;lt;title&amp;gt;500 - Internal server error.&amp;lt;/title&amp;gt;
&amp;lt;style type=&amp;quot;text/css&amp;quot;&amp;gt;
&amp;lt;!--
body{margin:0;font-size:.7em;font-family:Verdana, Arial, Helvetica, sans-serif;background:#EEEEEE;}
fieldset{padding:0 15px 10px 15px;} 
h1{font-size:2.4em;margin:0;color:#FFF;}
h2{font-size:1.7em;margin:0;color:#CC0000;} 
h3{font-size:1.2em;margin:10px 0 0 0;color:#000000;} 
#header{width:96%;margin:0 0 0 0;padding:6px 2% 6px 2%;font-family:&amp;quot;trebuchet MS&amp;quot;, Verdana, sans-serif;color:#FFF;
background-color:#555555;}
#content{margin:0 0 0 2%;position:relative;}
.content-container{background:#FFF;width:96%;margin-top:8px;padding:10px;position:relative;}
--&amp;gt;
&amp;lt;/style&amp;gt;
&amp;lt;/head&amp;gt;
&amp;lt;body&amp;gt;
&amp;lt;div id=&amp;quot;header&amp;quot;&amp;gt;&amp;lt;h1&amp;gt;Server Error&amp;lt;/h1&amp;gt;&amp;lt;/div&amp;gt;
&amp;lt;div id=&amp;quot;content&amp;quot;&amp;gt;
 &amp;lt;div class=&amp;quot;content-container&amp;quot;&amp;gt;&amp;lt;fieldset&amp;gt;
  &amp;lt;h2&amp;gt;500 - Internal server error.&amp;lt;/h2&amp;gt;
  &amp;lt;h3&amp;gt;There is a problem with the resource you are looking for, and it cannot be displayed.&amp;lt;/h3&amp;gt;
 &amp;lt;/fieldset&amp;gt;&amp;lt;/div&amp;gt;
&amp;lt;/div&amp;gt;
&amp;lt;/body&amp;gt;
&amp;lt;/html&amp;gt;
]">
      <![CDATA[java.lang.AssertionError: expected [{"Success":true,"ResponseAddresses":[{"AddressReferenceId":"141414","StreetAddress":["1330 VALLEY LAKE DR"],"City":"SCHAUMBURG","StateOrProvinceCode":"IL","PostalCode":"60195-3639","CountryCode":"US","CountryName":null}],"ErrorMessage":null}] but found [<!DOCTYPE html PUBLIC "-//W3C//DTD XHTML 1.0 Strict//EN" "http://www.w3.org/TR/xhtml1/DTD/xhtml1-strict.dtd">
<html xmlns="http://www.w3.org/1999/xhtml">
<head>
<title>500 - Internal server error.</title>
<style type="text/css">
<!--
body{margin:0;font-size:.7em;font-family:Verdana, Arial, Helvetica, sans-serif;background:#EEEEEE;}
fieldset{padding:0 15px 10px 15px;} 
h1{font-size:2.4em;margin:0;color:#FFF;}
h2{font-size:1.7em;margin:0;color:#CC0000;} 
h3{font-size:1.2em;margin:10px 0 0 0;color:#000000;} 
#header{width:96%;margin:0 0 0 0;padding:6px 2% 6px 2%;font-family:"trebuchet MS", Verdana, sans-serif;color:#FFF;
background-color:#555555;}
#content{margin:0 0 0 2%;position:relative;}
.content-container{background:#FFF;width:96%;margin-top:8px;padding:10px;position:relative;}
-->
</style>
</head>
<body>
<div id="header"><h1>Server Error</h1></div>
<div id="content">
 <div class="content-container"><fieldset>
  <h2>500 - Internal server error.</h2>
  <h3>There is a problem with the resource you are looking for, and it cannot be displayed.</h3>
 </fieldset></div>
</div>
</body>
</html>
]
	at API.ShippingAddressVerification.testShippingAddressVerification(ShippingAddressVerification.java:86)
	at java.util.concurrent.FutureTask.run(FutureTask.java:266)
	at java.util.concurrent.ThreadPoolExecutor.runWorker(ThreadPoolExecutor.java:1142)
	at java.util.concurrent.ThreadPoolExecutor$Worker.run(ThreadPoolExecutor.java:617)
	at java.lang.Thread.run(Thread.java:745)
... Removed 21 stack frames]]>
    </failure>
  </testcase> <!-- testShippingAddressVerification -->
  <testcase name="testShippingAddressVerification" time="0.364" classname="API.ShippingAddressVerification">
    <failure type="java.lang.AssertionError" message="expected [{&amp;quot;Success&amp;quot;:true,&amp;quot;ResponseAddresses&amp;quot;:[{&amp;quot;AddressReferenceId&amp;quot;:&amp;quot;141414&amp;quot;,&amp;quot;StreetAddress&amp;quot;:[&amp;quot;1330 VALLEY LAKE DR&amp;quot;,&amp;quot;APT 107&amp;quot;],&amp;quot;City&amp;quot;:&amp;quot;SCHAUMBURG&amp;quot;,&amp;quot;StateOrProvinceCode&amp;quot;:&amp;quot;IL&amp;quot;,&amp;quot;PostalCode&amp;quot;:&amp;quot;60195-3624&amp;quot;,&amp;quot;CountryCode&amp;quot;:&amp;quot;US&amp;quot;,&amp;quot;CountryName&amp;quot;:null}],&amp;quot;ErrorMessage&amp;quot;:null}] but found [&amp;lt;!DOCTYPE html PUBLIC &amp;quot;-//W3C//DTD XHTML 1.0 Strict//EN&amp;quot; &amp;quot;http://www.w3.org/TR/xhtml1/DTD/xhtml1-strict.dtd&amp;quot;&amp;gt;
&amp;lt;html xmlns=&amp;quot;http://www.w3.org/1999/xhtml&amp;quot;&amp;gt;
&amp;lt;head&amp;gt;
&amp;lt;title&amp;gt;500 - Internal server error.&amp;lt;/title&amp;gt;
&amp;lt;style type=&amp;quot;text/css&amp;quot;&amp;gt;
&amp;lt;!--
body{margin:0;font-size:.7em;font-family:Verdana, Arial, Helvetica, sans-serif;background:#EEEEEE;}
fieldset{padding:0 15px 10px 15px;} 
h1{font-size:2.4em;margin:0;color:#FFF;}
h2{font-size:1.7em;margin:0;color:#CC0000;} 
h3{font-size:1.2em;margin:10px 0 0 0;color:#000000;} 
#header{width:96%;margin:0 0 0 0;padding:6px 2% 6px 2%;font-family:&amp;quot;trebuchet MS&amp;quot;, Verdana, sans-serif;color:#FFF;
background-color:#555555;}
#content{margin:0 0 0 2%;position:relative;}
.content-container{background:#FFF;width:96%;margin-top:8px;padding:10px;position:relative;}
--&amp;gt;
&amp;lt;/style&amp;gt;
&amp;lt;/head&amp;gt;
&amp;lt;body&amp;gt;
&amp;lt;div id=&amp;quot;header&amp;quot;&amp;gt;&amp;lt;h1&amp;gt;Server Error&amp;lt;/h1&amp;gt;&amp;lt;/div&amp;gt;
&amp;lt;div id=&amp;quot;content&amp;quot;&amp;gt;
 &amp;lt;div class=&amp;quot;content-container&amp;quot;&amp;gt;&amp;lt;fieldset&amp;gt;
  &amp;lt;h2&amp;gt;500 - Internal server error.&amp;lt;/h2&amp;gt;
  &amp;lt;h3&amp;gt;There is a problem with the resource you are looking for, and it cannot be displayed.&amp;lt;/h3&amp;gt;
 &amp;lt;/fieldset&amp;gt;&amp;lt;/div&amp;gt;
&amp;lt;/div&amp;gt;
&amp;lt;/body&amp;gt;
&amp;lt;/html&amp;gt;
]">
      <![CDATA[java.lang.AssertionError: expected [{"Success":true,"ResponseAddresses":[{"AddressReferenceId":"141414","StreetAddress":["1330 VALLEY LAKE DR","APT 107"],"City":"SCHAUMBURG","StateOrProvinceCode":"IL","PostalCode":"60195-3624","CountryCode":"US","CountryName":null}],"ErrorMessage":null}] but found [<!DOCTYPE html PUBLIC "-//W3C//DTD XHTML 1.0 Strict//EN" "http://www.w3.org/TR/xhtml1/DTD/xhtml1-strict.dtd">
<html xmlns="http://www.w3.org/1999/xhtml">
<head>
<title>500 - Internal server error.</title>
<style type="text/css">
<!--
body{margin:0;font-size:.7em;font-family:Verdana, Arial, Helvetica, sans-serif;background:#EEEEEE;}
fieldset{padding:0 15px 10px 15px;} 
h1{font-size:2.4em;margin:0;color:#FFF;}
h2{font-size:1.7em;margin:0;color:#CC0000;} 
h3{font-size:1.2em;margin:10px 0 0 0;color:#000000;} 
#header{width:96%;margin:0 0 0 0;padding:6px 2% 6px 2%;font-family:"trebuchet MS", Verdana, sans-serif;color:#FFF;
background-color:#555555;}
#content{margin:0 0 0 2%;position:relative;}
.content-container{background:#FFF;width:96%;margin-top:8px;padding:10px;position:relative;}
-->
</style>
</head>
<body>
<div id="header"><h1>Server Error</h1></div>
<div id="content">
 <div class="content-container"><fieldset>
  <h2>500 - Internal server error.</h2>
  <h3>There is a problem with the resource you are looking for, and it cannot be displayed.</h3>
 </fieldset></div>
</div>
</body>
</html>
]
	at API.ShippingAddressVerification.testShippingAddressVerification(ShippingAddressVerification.java:86)
	at java.util.concurrent.FutureTask.run(FutureTask.java:266)
	at java.util.concurrent.ThreadPoolExecutor.runWorker(ThreadPoolExecutor.java:1142)
	at java.util.concurrent.ThreadPoolExecutor$Worker.run(ThreadPoolExecutor.java:617)
	at java.lang.Thread.run(Thread.java:745)
... Removed 21 stack frames]]>
    </failure>
  </testcase> <!-- testShippingAddressVerification -->
  <testcase name="testShippingAddressVerification" time="0.355" classname="API.ShippingAddressVerification">
    <failure type="java.lang.AssertionError" message="expected [{&amp;quot;Success&amp;quot;:true,&amp;quot;ResponseAddresses&amp;quot;:[{&amp;quot;AddressReferenceId&amp;quot;:&amp;quot;141414&amp;quot;,&amp;quot;StreetAddress&amp;quot;:[&amp;quot;1330 VALLEY LAKE DR&amp;quot;,&amp;quot;APT 107&amp;quot;],&amp;quot;City&amp;quot;:&amp;quot;SCHAUMBURG&amp;quot;,&amp;quot;StateOrProvinceCode&amp;quot;:&amp;quot;IL&amp;quot;,&amp;quot;PostalCode&amp;quot;:&amp;quot;60195-3624&amp;quot;,&amp;quot;CountryCode&amp;quot;:&amp;quot;US&amp;quot;,&amp;quot;CountryName&amp;quot;:null}],&amp;quot;ErrorMessage&amp;quot;:null}] but found [&amp;lt;!DOCTYPE html PUBLIC &amp;quot;-//W3C//DTD XHTML 1.0 Strict//EN&amp;quot; &amp;quot;http://www.w3.org/TR/xhtml1/DTD/xhtml1-strict.dtd&amp;quot;&amp;gt;
&amp;lt;html xmlns=&amp;quot;http://www.w3.org/1999/xhtml&amp;quot;&amp;gt;
&amp;lt;head&amp;gt;
&amp;lt;title&amp;gt;500 - Internal server error.&amp;lt;/title&amp;gt;
&amp;lt;style type=&amp;quot;text/css&amp;quot;&amp;gt;
&amp;lt;!--
body{margin:0;font-size:.7em;font-family:Verdana, Arial, Helvetica, sans-serif;background:#EEEEEE;}
fieldset{padding:0 15px 10px 15px;} 
h1{font-size:2.4em;margin:0;color:#FFF;}
h2{font-size:1.7em;margin:0;color:#CC0000;} 
h3{font-size:1.2em;margin:10px 0 0 0;color:#000000;} 
#header{width:96%;margin:0 0 0 0;padding:6px 2% 6px 2%;font-family:&amp;quot;trebuchet MS&amp;quot;, Verdana, sans-serif;color:#FFF;
background-color:#555555;}
#content{margin:0 0 0 2%;position:relative;}
.content-container{background:#FFF;width:96%;margin-top:8px;padding:10px;position:relative;}
--&amp;gt;
&amp;lt;/style&amp;gt;
&amp;lt;/head&amp;gt;
&amp;lt;body&amp;gt;
&amp;lt;div id=&amp;quot;header&amp;quot;&amp;gt;&amp;lt;h1&amp;gt;Server Error&amp;lt;/h1&amp;gt;&amp;lt;/div&amp;gt;
&amp;lt;div id=&amp;quot;content&amp;quot;&amp;gt;
 &amp;lt;div class=&amp;quot;content-container&amp;quot;&amp;gt;&amp;lt;fieldset&amp;gt;
  &amp;lt;h2&amp;gt;500 - Internal server error.&amp;lt;/h2&amp;gt;
  &amp;lt;h3&amp;gt;There is a problem with the resource you are looking for, and it cannot be displayed.&amp;lt;/h3&amp;gt;
 &amp;lt;/fieldset&amp;gt;&amp;lt;/div&amp;gt;
&amp;lt;/div&amp;gt;
&amp;lt;/body&amp;gt;
&amp;lt;/html&amp;gt;
]">
      <![CDATA[java.lang.AssertionError: expected [{"Success":true,"ResponseAddresses":[{"AddressReferenceId":"141414","StreetAddress":["1330 VALLEY LAKE DR","APT 107"],"City":"SCHAUMBURG","StateOrProvinceCode":"IL","PostalCode":"60195-3624","CountryCode":"US","CountryName":null}],"ErrorMessage":null}] but found [<!DOCTYPE html PUBLIC "-//W3C//DTD XHTML 1.0 Strict//EN" "http://www.w3.org/TR/xhtml1/DTD/xhtml1-strict.dtd">
<html xmlns="http://www.w3.org/1999/xhtml">
<head>
<title>500 - Internal server error.</title>
<style type="text/css">
<!--
body{margin:0;font-size:.7em;font-family:Verdana, Arial, Helvetica, sans-serif;background:#EEEEEE;}
fieldset{padding:0 15px 10px 15px;} 
h1{font-size:2.4em;margin:0;color:#FFF;}
h2{font-size:1.7em;margin:0;color:#CC0000;} 
h3{font-size:1.2em;margin:10px 0 0 0;color:#000000;} 
#header{width:96%;margin:0 0 0 0;padding:6px 2% 6px 2%;font-family:"trebuchet MS", Verdana, sans-serif;color:#FFF;
background-color:#555555;}
#content{margin:0 0 0 2%;position:relative;}
.content-container{background:#FFF;width:96%;margin-top:8px;padding:10px;position:relative;}
-->
</style>
</head>
<body>
<div id="header"><h1>Server Error</h1></div>
<div id="content">
 <div class="content-container"><fieldset>
  <h2>500 - Internal server error.</h2>
  <h3>There is a problem with the resource you are looking for, and it cannot be displayed.</h3>
 </fieldset></div>
</div>
</body>
</html>
]
	at API.ShippingAddressVerification.testShippingAddressVerification(ShippingAddressVerification.java:86)
	at java.util.concurrent.FutureTask.run(FutureTask.java:266)
	at java.util.concurrent.ThreadPoolExecutor.runWorker(ThreadPoolExecutor.java:1142)
	at java.util.concurrent.ThreadPoolExecutor$Worker.run(ThreadPoolExecutor.java:617)
	at java.lang.Thread.run(Thread.java:745)
... Removed 21 stack frames]]>
    </failure>
  </testcase> <!-- testShippingAddressVerification -->
  <testcase name="testShippingAddressVerification" time="0.318" classname="API.ShippingAddressVerification">
    <failure type="java.lang.AssertionError" message="expected [{&amp;quot;Success&amp;quot;:true,&amp;quot;ResponseAddresses&amp;quot;:[{&amp;quot;AddressReferenceId&amp;quot;:&amp;quot;141414&amp;quot;,&amp;quot;StreetAddress&amp;quot;:[&amp;quot;1330 VALLEY LAKE DR&amp;quot;,&amp;quot;APT 107&amp;quot;],&amp;quot;City&amp;quot;:&amp;quot;SCHAUMBURG&amp;quot;,&amp;quot;StateOrProvinceCode&amp;quot;:&amp;quot;IL&amp;quot;,&amp;quot;PostalCode&amp;quot;:&amp;quot;60195-3624&amp;quot;,&amp;quot;CountryCode&amp;quot;:&amp;quot;US&amp;quot;,&amp;quot;CountryName&amp;quot;:null}],&amp;quot;ErrorMessage&amp;quot;:null}] but found [&amp;lt;!DOCTYPE html PUBLIC &amp;quot;-//W3C//DTD XHTML 1.0 Strict//EN&amp;quot; &amp;quot;http://www.w3.org/TR/xhtml1/DTD/xhtml1-strict.dtd&amp;quot;&amp;gt;
&amp;lt;html xmlns=&amp;quot;http://www.w3.org/1999/xhtml&amp;quot;&amp;gt;
&amp;lt;head&amp;gt;
&amp;lt;title&amp;gt;500 - Internal server error.&amp;lt;/title&amp;gt;
&amp;lt;style type=&amp;quot;text/css&amp;quot;&amp;gt;
&amp;lt;!--
body{margin:0;font-size:.7em;font-family:Verdana, Arial, Helvetica, sans-serif;background:#EEEEEE;}
fieldset{padding:0 15px 10px 15px;} 
h1{font-size:2.4em;margin:0;color:#FFF;}
h2{font-size:1.7em;margin:0;color:#CC0000;} 
h3{font-size:1.2em;margin:10px 0 0 0;color:#000000;} 
#header{width:96%;margin:0 0 0 0;padding:6px 2% 6px 2%;font-family:&amp;quot;trebuchet MS&amp;quot;, Verdana, sans-serif;color:#FFF;
background-color:#555555;}
#content{margin:0 0 0 2%;position:relative;}
.content-container{background:#FFF;width:96%;margin-top:8px;padding:10px;position:relative;}
--&amp;gt;
&amp;lt;/style&amp;gt;
&amp;lt;/head&amp;gt;
&amp;lt;body&amp;gt;
&amp;lt;div id=&amp;quot;header&amp;quot;&amp;gt;&amp;lt;h1&amp;gt;Server Error&amp;lt;/h1&amp;gt;&amp;lt;/div&amp;gt;
&amp;lt;div id=&amp;quot;content&amp;quot;&amp;gt;
 &amp;lt;div class=&amp;quot;content-container&amp;quot;&amp;gt;&amp;lt;fieldset&amp;gt;
  &amp;lt;h2&amp;gt;500 - Internal server error.&amp;lt;/h2&amp;gt;
  &amp;lt;h3&amp;gt;There is a problem with the resource you are looking for, and it cannot be displayed.&amp;lt;/h3&amp;gt;
 &amp;lt;/fieldset&amp;gt;&amp;lt;/div&amp;gt;
&amp;lt;/div&amp;gt;
&amp;lt;/body&amp;gt;
&amp;lt;/html&amp;gt;
]">
      <![CDATA[java.lang.AssertionError: expected [{"Success":true,"ResponseAddresses":[{"AddressReferenceId":"141414","StreetAddress":["1330 VALLEY LAKE DR","APT 107"],"City":"SCHAUMBURG","StateOrProvinceCode":"IL","PostalCode":"60195-3624","CountryCode":"US","CountryName":null}],"ErrorMessage":null}] but found [<!DOCTYPE html PUBLIC "-//W3C//DTD XHTML 1.0 Strict//EN" "http://www.w3.org/TR/xhtml1/DTD/xhtml1-strict.dtd">
<html xmlns="http://www.w3.org/1999/xhtml">
<head>
<title>500 - Internal server error.</title>
<style type="text/css">
<!--
body{margin:0;font-size:.7em;font-family:Verdana, Arial, Helvetica, sans-serif;background:#EEEEEE;}
fieldset{padding:0 15px 10px 15px;} 
h1{font-size:2.4em;margin:0;color:#FFF;}
h2{font-size:1.7em;margin:0;color:#CC0000;} 
h3{font-size:1.2em;margin:10px 0 0 0;color:#000000;} 
#header{width:96%;margin:0 0 0 0;padding:6px 2% 6px 2%;font-family:"trebuchet MS", Verdana, sans-serif;color:#FFF;
background-color:#555555;}
#content{margin:0 0 0 2%;position:relative;}
.content-container{background:#FFF;width:96%;margin-top:8px;padding:10px;position:relative;}
-->
</style>
</head>
<body>
<div id="header"><h1>Server Error</h1></div>
<div id="content">
 <div class="content-container"><fieldset>
  <h2>500 - Internal server error.</h2>
  <h3>There is a problem with the resource you are looking for, and it cannot be displayed.</h3>
 </fieldset></div>
</div>
</body>
</html>
]
	at API.ShippingAddressVerification.testShippingAddressVerification(ShippingAddressVerification.java:86)
	at java.util.concurrent.FutureTask.run(FutureTask.java:266)
	at java.util.concurrent.ThreadPoolExecutor.runWorker(ThreadPoolExecutor.java:1142)
	at java.util.concurrent.ThreadPoolExecutor$Worker.run(ThreadPoolExecutor.java:617)
	at java.lang.Thread.run(Thread.java:745)
... Removed 21 stack frames]]>
    </failure>
  </testcase> <!-- testShippingAddressVerification -->
  <testcase name="testShippingAddressVerification" time="0.371" classname="API.ShippingAddressVerification">
    <failure type="java.lang.AssertionError" message="expected [{&amp;quot;Success&amp;quot;:true,&amp;quot;ResponseAddresses&amp;quot;:[{&amp;quot;AddressReferenceId&amp;quot;:&amp;quot;141414&amp;quot;,&amp;quot;StreetAddress&amp;quot;:[&amp;quot;1330 VALLEY LAKE DR&amp;quot;,&amp;quot;APT 107&amp;quot;],&amp;quot;City&amp;quot;:&amp;quot;SCHAUMBURG&amp;quot;,&amp;quot;StateOrProvinceCode&amp;quot;:&amp;quot;IL&amp;quot;,&amp;quot;PostalCode&amp;quot;:&amp;quot;60195-3624&amp;quot;,&amp;quot;CountryCode&amp;quot;:&amp;quot;US&amp;quot;,&amp;quot;CountryName&amp;quot;:null}],&amp;quot;ErrorMessage&amp;quot;:null}] but found [&amp;lt;!DOCTYPE html PUBLIC &amp;quot;-//W3C//DTD XHTML 1.0 Strict//EN&amp;quot; &amp;quot;http://www.w3.org/TR/xhtml1/DTD/xhtml1-strict.dtd&amp;quot;&amp;gt;
&amp;lt;html xmlns=&amp;quot;http://www.w3.org/1999/xhtml&amp;quot;&amp;gt;
&amp;lt;head&amp;gt;
&amp;lt;title&amp;gt;500 - Internal server error.&amp;lt;/title&amp;gt;
&amp;lt;style type=&amp;quot;text/css&amp;quot;&amp;gt;
&amp;lt;!--
body{margin:0;font-size:.7em;font-family:Verdana, Arial, Helvetica, sans-serif;background:#EEEEEE;}
fieldset{padding:0 15px 10px 15px;} 
h1{font-size:2.4em;margin:0;color:#FFF;}
h2{font-size:1.7em;margin:0;color:#CC0000;} 
h3{font-size:1.2em;margin:10px 0 0 0;color:#000000;} 
#header{width:96%;margin:0 0 0 0;padding:6px 2% 6px 2%;font-family:&amp;quot;trebuchet MS&amp;quot;, Verdana, sans-serif;color:#FFF;
background-color:#555555;}
#content{margin:0 0 0 2%;position:relative;}
.content-container{background:#FFF;width:96%;margin-top:8px;padding:10px;position:relative;}
--&amp;gt;
&amp;lt;/style&amp;gt;
&amp;lt;/head&amp;gt;
&amp;lt;body&amp;gt;
&amp;lt;div id=&amp;quot;header&amp;quot;&amp;gt;&amp;lt;h1&amp;gt;Server Error&amp;lt;/h1&amp;gt;&amp;lt;/div&amp;gt;
&amp;lt;div id=&amp;quot;content&amp;quot;&amp;gt;
 &amp;lt;div class=&amp;quot;content-container&amp;quot;&amp;gt;&amp;lt;fieldset&amp;gt;
  &amp;lt;h2&amp;gt;500 - Internal server error.&amp;lt;/h2&amp;gt;
  &amp;lt;h3&amp;gt;There is a problem with the resource you are looking for, and it cannot be displayed.&amp;lt;/h3&amp;gt;
 &amp;lt;/fieldset&amp;gt;&amp;lt;/div&amp;gt;
&amp;lt;/div&amp;gt;
&amp;lt;/body&amp;gt;
&amp;lt;/html&amp;gt;
]">
      <![CDATA[java.lang.AssertionError: expected [{"Success":true,"ResponseAddresses":[{"AddressReferenceId":"141414","StreetAddress":["1330 VALLEY LAKE DR","APT 107"],"City":"SCHAUMBURG","StateOrProvinceCode":"IL","PostalCode":"60195-3624","CountryCode":"US","CountryName":null}],"ErrorMessage":null}] but found [<!DOCTYPE html PUBLIC "-//W3C//DTD XHTML 1.0 Strict//EN" "http://www.w3.org/TR/xhtml1/DTD/xhtml1-strict.dtd">
<html xmlns="http://www.w3.org/1999/xhtml">
<head>
<title>500 - Internal server error.</title>
<style type="text/css">
<!--
body{margin:0;font-size:.7em;font-family:Verdana, Arial, Helvetica, sans-serif;background:#EEEEEE;}
fieldset{padding:0 15px 10px 15px;} 
h1{font-size:2.4em;margin:0;color:#FFF;}
h2{font-size:1.7em;margin:0;color:#CC0000;} 
h3{font-size:1.2em;margin:10px 0 0 0;color:#000000;} 
#header{width:96%;margin:0 0 0 0;padding:6px 2% 6px 2%;font-family:"trebuchet MS", Verdana, sans-serif;color:#FFF;
background-color:#555555;}
#content{margin:0 0 0 2%;position:relative;}
.content-container{background:#FFF;width:96%;margin-top:8px;padding:10px;position:relative;}
-->
</style>
</head>
<body>
<div id="header"><h1>Server Error</h1></div>
<div id="content">
 <div class="content-container"><fieldset>
  <h2>500 - Internal server error.</h2>
  <h3>There is a problem with the resource you are looking for, and it cannot be displayed.</h3>
 </fieldset></div>
</div>
</body>
</html>
]
	at API.ShippingAddressVerification.testShippingAddressVerification(ShippingAddressVerification.java:86)
	at java.util.concurrent.FutureTask.run(FutureTask.java:266)
	at java.util.concurrent.ThreadPoolExecutor.runWorker(ThreadPoolExecutor.java:1142)
	at java.util.concurrent.ThreadPoolExecutor$Worker.run(ThreadPoolExecutor.java:617)
	at java.lang.Thread.run(Thread.java:745)
... Removed 21 stack frames]]>
    </failure>
  </testcase> <!-- testShippingAddressVerification -->
  <testcase name="testShippingAddressVerification" time="0.381" classname="API.ShippingAddressVerification">
    <failure type="java.lang.AssertionError" message="expected [{&amp;quot;Success&amp;quot;:true,&amp;quot;ResponseAddresses&amp;quot;:[{&amp;quot;AddressReferenceId&amp;quot;:&amp;quot;141414&amp;quot;,&amp;quot;StreetAddress&amp;quot;:[&amp;quot;XXXX VALLEY LAKE DR&amp;quot;,&amp;quot;APT 107&amp;quot;],&amp;quot;City&amp;quot;:&amp;quot;SCHAUMBURG&amp;quot;,&amp;quot;StateOrProvinceCode&amp;quot;:&amp;quot;IL&amp;quot;,&amp;quot;PostalCode&amp;quot;:&amp;quot;60195&amp;quot;,&amp;quot;CountryCode&amp;quot;:&amp;quot;US&amp;quot;,&amp;quot;CountryName&amp;quot;:null}],&amp;quot;ErrorMessage&amp;quot;:null}] but found [&amp;lt;!DOCTYPE html PUBLIC &amp;quot;-//W3C//DTD XHTML 1.0 Strict//EN&amp;quot; &amp;quot;http://www.w3.org/TR/xhtml1/DTD/xhtml1-strict.dtd&amp;quot;&amp;gt;
&amp;lt;html xmlns=&amp;quot;http://www.w3.org/1999/xhtml&amp;quot;&amp;gt;
&amp;lt;head&amp;gt;
&amp;lt;title&amp;gt;500 - Internal server error.&amp;lt;/title&amp;gt;
&amp;lt;style type=&amp;quot;text/css&amp;quot;&amp;gt;
&amp;lt;!--
body{margin:0;font-size:.7em;font-family:Verdana, Arial, Helvetica, sans-serif;background:#EEEEEE;}
fieldset{padding:0 15px 10px 15px;} 
h1{font-size:2.4em;margin:0;color:#FFF;}
h2{font-size:1.7em;margin:0;color:#CC0000;} 
h3{font-size:1.2em;margin:10px 0 0 0;color:#000000;} 
#header{width:96%;margin:0 0 0 0;padding:6px 2% 6px 2%;font-family:&amp;quot;trebuchet MS&amp;quot;, Verdana, sans-serif;color:#FFF;
background-color:#555555;}
#content{margin:0 0 0 2%;position:relative;}
.content-container{background:#FFF;width:96%;margin-top:8px;padding:10px;position:relative;}
--&amp;gt;
&amp;lt;/style&amp;gt;
&amp;lt;/head&amp;gt;
&amp;lt;body&amp;gt;
&amp;lt;div id=&amp;quot;header&amp;quot;&amp;gt;&amp;lt;h1&amp;gt;Server Error&amp;lt;/h1&amp;gt;&amp;lt;/div&amp;gt;
&amp;lt;div id=&amp;quot;content&amp;quot;&amp;gt;
 &amp;lt;div class=&amp;quot;content-container&amp;quot;&amp;gt;&amp;lt;fieldset&amp;gt;
  &amp;lt;h2&amp;gt;500 - Internal server error.&amp;lt;/h2&amp;gt;
  &amp;lt;h3&amp;gt;There is a problem with the resource you are looking for, and it cannot be displayed.&amp;lt;/h3&amp;gt;
 &amp;lt;/fieldset&amp;gt;&amp;lt;/div&amp;gt;
&amp;lt;/div&amp;gt;
&amp;lt;/body&amp;gt;
&amp;lt;/html&amp;gt;
]">
      <![CDATA[java.lang.AssertionError: expected [{"Success":true,"ResponseAddresses":[{"AddressReferenceId":"141414","StreetAddress":["XXXX VALLEY LAKE DR","APT 107"],"City":"SCHAUMBURG","StateOrProvinceCode":"IL","PostalCode":"60195","CountryCode":"US","CountryName":null}],"ErrorMessage":null}] but found [<!DOCTYPE html PUBLIC "-//W3C//DTD XHTML 1.0 Strict//EN" "http://www.w3.org/TR/xhtml1/DTD/xhtml1-strict.dtd">
<html xmlns="http://www.w3.org/1999/xhtml">
<head>
<title>500 - Internal server error.</title>
<style type="text/css">
<!--
body{margin:0;font-size:.7em;font-family:Verdana, Arial, Helvetica, sans-serif;background:#EEEEEE;}
fieldset{padding:0 15px 10px 15px;} 
h1{font-size:2.4em;margin:0;color:#FFF;}
h2{font-size:1.7em;margin:0;color:#CC0000;} 
h3{font-size:1.2em;margin:10px 0 0 0;color:#000000;} 
#header{width:96%;margin:0 0 0 0;padding:6px 2% 6px 2%;font-family:"trebuchet MS", Verdana, sans-serif;color:#FFF;
background-color:#555555;}
#content{margin:0 0 0 2%;position:relative;}
.content-container{background:#FFF;width:96%;margin-top:8px;padding:10px;position:relative;}
-->
</style>
</head>
<body>
<div id="header"><h1>Server Error</h1></div>
<div id="content">
 <div class="content-container"><fieldset>
  <h2>500 - Internal server error.</h2>
  <h3>There is a problem with the resource you are looking for, and it cannot be displayed.</h3>
 </fieldset></div>
</div>
</body>
</html>
]
	at API.ShippingAddressVerification.testShippingAddressVerification(ShippingAddressVerification.java:86)
	at java.util.concurrent.FutureTask.run(FutureTask.java:266)
	at java.util.concurrent.ThreadPoolExecutor.runWorker(ThreadPoolExecutor.java:1142)
	at java.util.concurrent.ThreadPoolExecutor$Worker.run(ThreadPoolExecutor.java:617)
	at java.lang.Thread.run(Thread.java:745)
... Removed 21 stack frames]]>
    </failure>
  </testcase> <!-- testShippingAddressVerification -->
  <testcase name="testShippingAddressVerification" time="0.367" classname="API.ShippingAddressVerification">
    <failure type="java.lang.AssertionError" message="expected [{&amp;quot;Success&amp;quot;:true,&amp;quot;ResponseAddresses&amp;quot;:[{&amp;quot;AddressReferenceId&amp;quot;:&amp;quot;141414&amp;quot;,&amp;quot;StreetAddress&amp;quot;:[&amp;quot;1330 VALLEY LAKE DR&amp;quot;,&amp;quot;APT 107&amp;quot;],&amp;quot;City&amp;quot;:&amp;quot;MUMBAI&amp;quot;,&amp;quot;StateOrProvinceCode&amp;quot;:&amp;quot;ON&amp;quot;,&amp;quot;PostalCode&amp;quot;:&amp;quot;L6A3H9&amp;quot;,&amp;quot;CountryCode&amp;quot;:&amp;quot;US&amp;quot;,&amp;quot;CountryName&amp;quot;:null}],&amp;quot;ErrorMessage&amp;quot;:null}] but found [&amp;lt;!DOCTYPE html PUBLIC &amp;quot;-//W3C//DTD XHTML 1.0 Strict//EN&amp;quot; &amp;quot;http://www.w3.org/TR/xhtml1/DTD/xhtml1-strict.dtd&amp;quot;&amp;gt;
&amp;lt;html xmlns=&amp;quot;http://www.w3.org/1999/xhtml&amp;quot;&amp;gt;
&amp;lt;head&amp;gt;
&amp;lt;title&amp;gt;500 - Internal server error.&amp;lt;/title&amp;gt;
&amp;lt;style type=&amp;quot;text/css&amp;quot;&amp;gt;
&amp;lt;!--
body{margin:0;font-size:.7em;font-family:Verdana, Arial, Helvetica, sans-serif;background:#EEEEEE;}
fieldset{padding:0 15px 10px 15px;} 
h1{font-size:2.4em;margin:0;color:#FFF;}
h2{font-size:1.7em;margin:0;color:#CC0000;} 
h3{font-size:1.2em;margin:10px 0 0 0;color:#000000;} 
#header{width:96%;margin:0 0 0 0;padding:6px 2% 6px 2%;font-family:&amp;quot;trebuchet MS&amp;quot;, Verdana, sans-serif;color:#FFF;
background-color:#555555;}
#content{margin:0 0 0 2%;position:relative;}
.content-container{background:#FFF;width:96%;margin-top:8px;padding:10px;position:relative;}
--&amp;gt;
&amp;lt;/style&amp;gt;
&amp;lt;/head&amp;gt;
&amp;lt;body&amp;gt;
&amp;lt;div id=&amp;quot;header&amp;quot;&amp;gt;&amp;lt;h1&amp;gt;Server Error&amp;lt;/h1&amp;gt;&amp;lt;/div&amp;gt;
&amp;lt;div id=&amp;quot;content&amp;quot;&amp;gt;
 &amp;lt;div class=&amp;quot;content-container&amp;quot;&amp;gt;&amp;lt;fieldset&amp;gt;
  &amp;lt;h2&amp;gt;500 - Internal server error.&amp;lt;/h2&amp;gt;
  &amp;lt;h3&amp;gt;There is a problem with the resource you are looking for, and it cannot be displayed.&amp;lt;/h3&amp;gt;
 &amp;lt;/fieldset&amp;gt;&amp;lt;/div&amp;gt;
&amp;lt;/div&amp;gt;
&amp;lt;/body&amp;gt;
&amp;lt;/html&amp;gt;
]">
      <![CDATA[java.lang.AssertionError: expected [{"Success":true,"ResponseAddresses":[{"AddressReferenceId":"141414","StreetAddress":["1330 VALLEY LAKE DR","APT 107"],"City":"MUMBAI","StateOrProvinceCode":"ON","PostalCode":"L6A3H9","CountryCode":"US","CountryName":null}],"ErrorMessage":null}] but found [<!DOCTYPE html PUBLIC "-//W3C//DTD XHTML 1.0 Strict//EN" "http://www.w3.org/TR/xhtml1/DTD/xhtml1-strict.dtd">
<html xmlns="http://www.w3.org/1999/xhtml">
<head>
<title>500 - Internal server error.</title>
<style type="text/css">
<!--
body{margin:0;font-size:.7em;font-family:Verdana, Arial, Helvetica, sans-serif;background:#EEEEEE;}
fieldset{padding:0 15px 10px 15px;} 
h1{font-size:2.4em;margin:0;color:#FFF;}
h2{font-size:1.7em;margin:0;color:#CC0000;} 
h3{font-size:1.2em;margin:10px 0 0 0;color:#000000;} 
#header{width:96%;margin:0 0 0 0;padding:6px 2% 6px 2%;font-family:"trebuchet MS", Verdana, sans-serif;color:#FFF;
background-color:#555555;}
#content{margin:0 0 0 2%;position:relative;}
.content-container{background:#FFF;width:96%;margin-top:8px;padding:10px;position:relative;}
-->
</style>
</head>
<body>
<div id="header"><h1>Server Error</h1></div>
<div id="content">
 <div class="content-container"><fieldset>
  <h2>500 - Internal server error.</h2>
  <h3>There is a problem with the resource you are looking for, and it cannot be displayed.</h3>
 </fieldset></div>
</div>
</body>
</html>
]
	at API.ShippingAddressVerification.testShippingAddressVerification(ShippingAddressVerification.java:86)
	at java.util.concurrent.FutureTask.run(FutureTask.java:266)
	at java.util.concurrent.ThreadPoolExecutor.runWorker(ThreadPoolExecutor.java:1142)
	at java.util.concurrent.ThreadPoolExecutor$Worker.run(ThreadPoolExecutor.java:617)
	at java.lang.Thread.run(Thread.java:745)
... Removed 21 stack frames]]>
    </failure>
  </testcase> <!-- testShippingAddressVerification -->
  <testcase name="testShippingAddressVerification" time="0.36" classname="API.ShippingAddressVerification">
    <failure type="java.lang.AssertionError" message="expected [{&amp;quot;Success&amp;quot;:true,&amp;quot;ResponseAddresses&amp;quot;:[{&amp;quot;AddressReferenceId&amp;quot;:&amp;quot;141414&amp;quot;,&amp;quot;StreetAddress&amp;quot;:[&amp;quot;1330 VALLEY LAKE DR&amp;quot;,&amp;quot;APT 107&amp;quot;],&amp;quot;City&amp;quot;:&amp;quot;SCHAUMBURG&amp;quot;,&amp;quot;StateOrProvinceCode&amp;quot;:&amp;quot;ON&amp;quot;,&amp;quot;PostalCode&amp;quot;:&amp;quot;L6A3H9&amp;quot;,&amp;quot;CountryCode&amp;quot;:&amp;quot;US&amp;quot;,&amp;quot;CountryName&amp;quot;:null}],&amp;quot;ErrorMessage&amp;quot;:null}] but found [&amp;lt;!DOCTYPE html PUBLIC &amp;quot;-//W3C//DTD XHTML 1.0 Strict//EN&amp;quot; &amp;quot;http://www.w3.org/TR/xhtml1/DTD/xhtml1-strict.dtd&amp;quot;&amp;gt;
&amp;lt;html xmlns=&amp;quot;http://www.w3.org/1999/xhtml&amp;quot;&amp;gt;
&amp;lt;head&amp;gt;
&amp;lt;title&amp;gt;500 - Internal server error.&amp;lt;/title&amp;gt;
&amp;lt;style type=&amp;quot;text/css&amp;quot;&amp;gt;
&amp;lt;!--
body{margin:0;font-size:.7em;font-family:Verdana, Arial, Helvetica, sans-serif;background:#EEEEEE;}
fieldset{padding:0 15px 10px 15px;} 
h1{font-size:2.4em;margin:0;color:#FFF;}
h2{font-size:1.7em;margin:0;color:#CC0000;} 
h3{font-size:1.2em;margin:10px 0 0 0;color:#000000;} 
#header{width:96%;margin:0 0 0 0;padding:6px 2% 6px 2%;font-family:&amp;quot;trebuchet MS&amp;quot;, Verdana, sans-serif;color:#FFF;
background-color:#555555;}
#content{margin:0 0 0 2%;position:relative;}
.content-container{background:#FFF;width:96%;margin-top:8px;padding:10px;position:relative;}
--&amp;gt;
&amp;lt;/style&amp;gt;
&amp;lt;/head&amp;gt;
&amp;lt;body&amp;gt;
&amp;lt;div id=&amp;quot;header&amp;quot;&amp;gt;&amp;lt;h1&amp;gt;Server Error&amp;lt;/h1&amp;gt;&amp;lt;/div&amp;gt;
&amp;lt;div id=&amp;quot;content&amp;quot;&amp;gt;
 &amp;lt;div class=&amp;quot;content-container&amp;quot;&amp;gt;&amp;lt;fieldset&amp;gt;
  &amp;lt;h2&amp;gt;500 - Internal server error.&amp;lt;/h2&amp;gt;
  &amp;lt;h3&amp;gt;There is a problem with the resource you are looking for, and it cannot be displayed.&amp;lt;/h3&amp;gt;
 &amp;lt;/fieldset&amp;gt;&amp;lt;/div&amp;gt;
&amp;lt;/div&amp;gt;
&amp;lt;/body&amp;gt;
&amp;lt;/html&amp;gt;
]">
      <![CDATA[java.lang.AssertionError: expected [{"Success":true,"ResponseAddresses":[{"AddressReferenceId":"141414","StreetAddress":["1330 VALLEY LAKE DR","APT 107"],"City":"SCHAUMBURG","StateOrProvinceCode":"ON","PostalCode":"L6A3H9","CountryCode":"US","CountryName":null}],"ErrorMessage":null}] but found [<!DOCTYPE html PUBLIC "-//W3C//DTD XHTML 1.0 Strict//EN" "http://www.w3.org/TR/xhtml1/DTD/xhtml1-strict.dtd">
<html xmlns="http://www.w3.org/1999/xhtml">
<head>
<title>500 - Internal server error.</title>
<style type="text/css">
<!--
body{margin:0;font-size:.7em;font-family:Verdana, Arial, Helvetica, sans-serif;background:#EEEEEE;}
fieldset{padding:0 15px 10px 15px;} 
h1{font-size:2.4em;margin:0;color:#FFF;}
h2{font-size:1.7em;margin:0;color:#CC0000;} 
h3{font-size:1.2em;margin:10px 0 0 0;color:#000000;} 
#header{width:96%;margin:0 0 0 0;padding:6px 2% 6px 2%;font-family:"trebuchet MS", Verdana, sans-serif;color:#FFF;
background-color:#555555;}
#content{margin:0 0 0 2%;position:relative;}
.content-container{background:#FFF;width:96%;margin-top:8px;padding:10px;position:relative;}
-->
</style>
</head>
<body>
<div id="header"><h1>Server Error</h1></div>
<div id="content">
 <div class="content-container"><fieldset>
  <h2>500 - Internal server error.</h2>
  <h3>There is a problem with the resource you are looking for, and it cannot be displayed.</h3>
 </fieldset></div>
</div>
</body>
</html>
]
	at API.ShippingAddressVerification.testShippingAddressVerification(ShippingAddressVerification.java:86)
	at java.util.concurrent.FutureTask.run(FutureTask.java:266)
	at java.util.concurrent.ThreadPoolExecutor.runWorker(ThreadPoolExecutor.java:1142)
	at java.util.concurrent.ThreadPoolExecutor$Worker.run(ThreadPoolExecutor.java:617)
	at java.lang.Thread.run(Thread.java:745)
... Removed 21 stack frames]]>
    </failure>
  </testcase> <!-- testShippingAddressVerification -->
  <testcase name="testShippingAddressVerification" time="0.356" classname="API.ShippingAddressVerification">
    <failure type="java.lang.AssertionError" message="expected [{&amp;quot;Success&amp;quot;:true,&amp;quot;ResponseAddresses&amp;quot;:[{&amp;quot;AddressReferenceId&amp;quot;:&amp;quot;141414&amp;quot;,&amp;quot;StreetAddress&amp;quot;:[&amp;quot;1330 NORWALK DR&amp;quot;,&amp;quot;APT 107&amp;quot;],&amp;quot;City&amp;quot;:&amp;quot;SCHAUMBURG&amp;quot;,&amp;quot;StateOrProvinceCode&amp;quot;:&amp;quot;IL&amp;quot;,&amp;quot;PostalCode&amp;quot;:&amp;quot;60195&amp;quot;,&amp;quot;CountryCode&amp;quot;:&amp;quot;US&amp;quot;,&amp;quot;CountryName&amp;quot;:null}],&amp;quot;ErrorMessage&amp;quot;:null}] but found [&amp;lt;!DOCTYPE html PUBLIC &amp;quot;-//W3C//DTD XHTML 1.0 Strict//EN&amp;quot; &amp;quot;http://www.w3.org/TR/xhtml1/DTD/xhtml1-strict.dtd&amp;quot;&amp;gt;
&amp;lt;html xmlns=&amp;quot;http://www.w3.org/1999/xhtml&amp;quot;&amp;gt;
&amp;lt;head&amp;gt;
&amp;lt;title&amp;gt;500 - Internal server error.&amp;lt;/title&amp;gt;
&amp;lt;style type=&amp;quot;text/css&amp;quot;&amp;gt;
&amp;lt;!--
body{margin:0;font-size:.7em;font-family:Verdana, Arial, Helvetica, sans-serif;background:#EEEEEE;}
fieldset{padding:0 15px 10px 15px;} 
h1{font-size:2.4em;margin:0;color:#FFF;}
h2{font-size:1.7em;margin:0;color:#CC0000;} 
h3{font-size:1.2em;margin:10px 0 0 0;color:#000000;} 
#header{width:96%;margin:0 0 0 0;padding:6px 2% 6px 2%;font-family:&amp;quot;trebuchet MS&amp;quot;, Verdana, sans-serif;color:#FFF;
background-color:#555555;}
#content{margin:0 0 0 2%;position:relative;}
.content-container{background:#FFF;width:96%;margin-top:8px;padding:10px;position:relative;}
--&amp;gt;
&amp;lt;/style&amp;gt;
&amp;lt;/head&amp;gt;
&amp;lt;body&amp;gt;
&amp;lt;div id=&amp;quot;header&amp;quot;&amp;gt;&amp;lt;h1&amp;gt;Server Error&amp;lt;/h1&amp;gt;&amp;lt;/div&amp;gt;
&amp;lt;div id=&amp;quot;content&amp;quot;&amp;gt;
 &amp;lt;div class=&amp;quot;content-container&amp;quot;&amp;gt;&amp;lt;fieldset&amp;gt;
  &amp;lt;h2&amp;gt;500 - Internal server error.&amp;lt;/h2&amp;gt;
  &amp;lt;h3&amp;gt;There is a problem with the resource you are looking for, and it cannot be displayed.&amp;lt;/h3&amp;gt;
 &amp;lt;/fieldset&amp;gt;&amp;lt;/div&amp;gt;
&amp;lt;/div&amp;gt;
&amp;lt;/body&amp;gt;
&amp;lt;/html&amp;gt;
]">
      <![CDATA[java.lang.AssertionError: expected [{"Success":true,"ResponseAddresses":[{"AddressReferenceId":"141414","StreetAddress":["1330 NORWALK DR","APT 107"],"City":"SCHAUMBURG","StateOrProvinceCode":"IL","PostalCode":"60195","CountryCode":"US","CountryName":null}],"ErrorMessage":null}] but found [<!DOCTYPE html PUBLIC "-//W3C//DTD XHTML 1.0 Strict//EN" "http://www.w3.org/TR/xhtml1/DTD/xhtml1-strict.dtd">
<html xmlns="http://www.w3.org/1999/xhtml">
<head>
<title>500 - Internal server error.</title>
<style type="text/css">
<!--
body{margin:0;font-size:.7em;font-family:Verdana, Arial, Helvetica, sans-serif;background:#EEEEEE;}
fieldset{padding:0 15px 10px 15px;} 
h1{font-size:2.4em;margin:0;color:#FFF;}
h2{font-size:1.7em;margin:0;color:#CC0000;} 
h3{font-size:1.2em;margin:10px 0 0 0;color:#000000;} 
#header{width:96%;margin:0 0 0 0;padding:6px 2% 6px 2%;font-family:"trebuchet MS", Verdana, sans-serif;color:#FFF;
background-color:#555555;}
#content{margin:0 0 0 2%;position:relative;}
.content-container{background:#FFF;width:96%;margin-top:8px;padding:10px;position:relative;}
-->
</style>
</head>
<body>
<div id="header"><h1>Server Error</h1></div>
<div id="content">
 <div class="content-container"><fieldset>
  <h2>500 - Internal server error.</h2>
  <h3>There is a problem with the resource you are looking for, and it cannot be displayed.</h3>
 </fieldset></div>
</div>
</body>
</html>
]
	at API.ShippingAddressVerification.testShippingAddressVerification(ShippingAddressVerification.java:86)
	at java.util.concurrent.FutureTask.run(FutureTask.java:266)
	at java.util.concurrent.ThreadPoolExecutor.runWorker(ThreadPoolExecutor.java:1142)
	at java.util.concurrent.ThreadPoolExecutor$Worker.run(ThreadPoolExecutor.java:617)
	at java.lang.Thread.run(Thread.java:745)
... Removed 21 stack frames]]>
    </failure>
  </testcase> <!-- testShippingAddressVerification -->
</testsuite> <!-- ShippingAddressVerification -->
